2024-09-05 21:58:58 - log-factura - stopped
2024-09-05 21:59:19 - log-factura - started
2024-09-05 21:59:34 - consulta-factura - stopped
2024-09-05 21:59:54 - consulta-factura - started
2024-09-05 22:00:10 - log-factura - stopped
2024-09-05 22:00:31 - log-factura - started
2024-09-05 22:00:47 - realizar-factura - stopped
2024-09-05 22:01:07 - realizar-factura - started
2024-09-05 22:01:23 - download-file - stopped
2024-09-05 22:01:43 - download-file - started
2024-09-05 22:01:59 - consulta-factura - stopped
2024-09-05 22:02:19 - consulta-factura - started
2024-09-05 22:02:35 - realizar-factura - stopped
2024-09-05 22:02:55 - realizar-factura - started
2024-09-05 22:03:11 - download-file - stopped
2024-09-05 22:03:32 - download-file - started
2024-09-05 22:03:47 - log-factura - stopped
2024-09-05 22:04:08 - log-factura - started
2024-09-05 22:04:23 - log-factura - stopped
2024-09-05 22:04:44 - log-factura - started
2024-09-05 22:04:59 - consulta-factura - stopped
2024-09-05 22:05:20 - consulta-factura - started
2024-09-05 22:05:35 - download-file - stopped
2024-09-05 22:05:56 - download-file - started
2024-09-05 22:06:11 - consulta-factura - stopped
2024-09-05 22:06:32 - consulta-factura - started
2024-09-05 22:06:48 - consulta-factura - stopped
2024-09-05 22:07:09 - consulta-factura - started
2024-09-05 22:07:24 - consulta-factura - stopped
2024-09-05 22:07:45 - consulta-factura - started
2024-09-05 22:08:00 - consulta-factura - stopped
2024-09-05 22:08:21 - consulta-factura - started
2024-09-05 22:08:37 - realizar-factura - stopped
2024-09-05 22:08:57 - realizar-factura - started
2024-09-05 22:09:13 - consulta-factura - stopped
2024-09-05 22:09:33 - consulta-factura - started
2024-09-05 22:09:49 - log-factura - stopped
2024-09-05 22:10:09 - log-factura - started
2024-09-05 22:10:25 - download-file - stopped
2024-09-05 22:10:45 - download-file - started
2024-09-05 22:11:01 - consulta-factura - stopped
2024-09-05 22:11:21 - consulta-factura - started
2024-09-05 22:11:37 - realizar-factura - stopped
2024-09-05 22:11:58 - realizar-factura - started
2024-09-05 22:12:13 - realizar-factura - stopped
2024-09-05 22:12:34 - realizar-factura - started
2024-09-05 22:12:49 - realizar-factura - stopped
2024-09-05 22:13:10 - realizar-factura - started
2024-09-05 22:13:26 - log-factura - stopped
2024-09-05 22:13:46 - log-factura - started
2024-09-05 22:14:02 - consulta-factura - stopped
2024-09-05 22:14:22 - consulta-factura - started
2024-09-05 22:14:38 - consulta-factura - stopped
2024-09-05 22:14:59 - consulta-factura - started
2024-09-05 22:15:14 - download-file - stopped
2024-09-05 22:15:35 - download-file - started
2024-09-05 22:15:50 - download-file - stopped
2024-09-05 22:16:11 - download-file - started
2024-09-05 22:16:27 - log-factura - stopped
2024-09-05 22:16:47 - log-factura - started
2024-09-05 22:17:03 - download-file - stopped
2024-09-05 22:17:23 - download-file - started
2024-09-05 22:17:39 - realizar-factura - stopped
2024-09-05 22:18:00 - realizar-factura - started
2024-09-05 22:18:16 - consulta-factura - stopped
2024-09-05 22:18:36 - consulta-factura - started
2024-09-05 22:18:52 - realizar-factura - stopped
2024-09-05 22:19:12 - realizar-factura - started
2024-09-05 22:19:28 - realizar-factura - stopped
2024-09-05 22:19:49 - realizar-factura - started
2024-09-05 22:20:04 - log-factura - stopped
2024-09-05 22:20:25 - log-factura - started
2024-09-05 22:20:40 - download-file - stopped
2024-09-05 22:21:01 - download-file - started