2024-09-06 18:45:29 - download-file - stopped
2024-09-06 18:45:50 - download-file - started
2024-09-06 18:46:05 - log-factura - stopped
2024-09-06 18:46:26 - log-factura - started
2024-09-06 18:46:41 - consulta-factura - stopped
2024-09-06 18:47:02 - consulta-factura - started
2024-09-06 18:47:17 - download-file - stopped
2024-09-06 18:47:38 - download-file - started
2024-09-06 18:47:53 - consulta-factura - stopped
2024-09-06 18:48:14 - consulta-factura - started
2024-09-06 18:48:29 - download-file - stopped
2024-09-06 18:48:50 - download-file - started
2024-09-06 18:49:05 - download-file - stopped
2024-09-06 18:49:26 - download-file - started
2024-09-06 18:49:42 - download-file - stopped
2024-09-06 18:50:03 - download-file - started
2024-09-06 18:50:19 - download-file - stopped
2024-09-06 18:50:40 - download-file - started
2024-09-06 18:50:55 - log-factura - stopped
2024-09-06 18:51:16 - log-factura - started
2024-09-06 18:51:32 - download-file - stopped
2024-09-06 18:51:52 - download-file - started
2024-09-06 18:52:08 - consulta-factura - stopped
2024-09-06 18:52:28 - consulta-factura - started
2024-09-06 18:52:44 - consulta-factura - stopped
2024-09-06 18:53:04 - consulta-factura - started
2024-09-06 18:53:20 - download-file - stopped
2024-09-06 18:53:40 - download-file - started
2024-09-06 18:53:56 - download-file - stopped
2024-09-06 18:54:17 - download-file - started
2024-09-06 18:54:32 - consulta-factura - stopped
2024-09-06 18:54:53 - consulta-factura - started
2024-09-06 18:55:08 - log-factura - stopped
2024-09-06 18:55:29 - log-factura - started
2024-09-06 18:55:45 - consulta-factura - stopped
2024-09-06 18:56:05 - consulta-factura - started
2024-09-06 18:56:21 - realizar-factura - stopped
2024-09-06 18:56:42 - realizar-factura - started
2024-09-06 18:56:57 - download-file - stopped
2024-09-06 18:57:18 - download-file - started
2024-09-06 18:57:33 - consulta-factura - stopped
2024-09-06 18:57:54 - consulta-factura - started
2024-09-06 18:58:09 - consulta-factura - stopped
2024-09-06 18:58:30 - consulta-factura - started
2024-09-06 18:58:46 - download-file - stopped
2024-09-06 18:59:06 - download-file - started
2024-09-06 18:59:21 - download-file - stopped
2024-09-06 18:59:42 - download-file - started
2024-09-06 18:59:58 - realizar-factura - stopped
2024-09-06 19:00:19 - realizar-factura - started
2024-09-06 19:00:34 - consulta-factura - stopped
2024-09-06 19:00:55 - consulta-factura - started
2024-09-06 19:01:10 - realizar-factura - stopped
2024-09-06 19:01:31 - realizar-factura - started
2024-09-06 19:01:46 - consulta-factura - stopped
2024-09-06 19:02:07 - consulta-factura - started
2024-09-06 19:02:22 - realizar-factura - stopped
2024-09-06 19:02:43 - realizar-factura - started
2024-09-06 19:02:58 - realizar-factura - stopped
2024-09-06 19:03:19 - realizar-factura - started
2024-09-06 19:03:35 - log-factura - stopped
2024-09-06 19:03:55 - log-factura - started
2024-09-06 19:04:11 - consulta-factura - stopped
2024-09-06 19:04:31 - consulta-factura - started
2024-09-06 19:04:47 - realizar-factura - stopped
2024-09-06 19:05:08 - realizar-factura - started
2024-09-06 19:05:23 - realizar-factura - stopped
2024-09-06 19:05:44 - realizar-factura - started
2024-09-06 19:06:00 - download-file - stopped
2024-09-06 19:06:20 - download-file - started
2024-09-06 19:06:36 - log-factura - stopped
2024-09-06 19:06:56 - log-factura - started
2024-09-06 19:07:12 - log-factura - stopped
2024-09-06 19:07:32 - log-factura - started
2024-09-06 19:07:48 - log-factura - stopped
2024-09-06 19:08:08 - log-factura - started
2024-09-06 19:08:24 - log-factura - stopped
2024-09-06 19:08:44 - log-factura - started
2024-09-06 19:09:00 - consulta-factura - stopped
2024-09-06 19:09:20 - consulta-factura - started
2024-09-06 19:09:36 - realizar-factura - stopped
2024-09-06 19:09:56 - realizar-factura - started
2024-09-06 19:10:12 - consulta-factura - stopped
2024-09-06 19:10:32 - consulta-factura - started
2024-09-06 19:10:48 - download-file - stopped
2024-09-06 19:11:08 - download-file - started
2024-09-06 19:11:24 - log-factura - stopped
2024-09-06 19:11:45 - log-factura - started
2024-09-06 19:12:00 - consulta-factura - stopped
2024-09-06 19:12:20 - consulta-factura - started
2024-09-06 19:12:36 - consulta-factura - stopped
2024-09-06 19:12:56 - consulta-factura - started
2024-09-06 19:13:12 - download-file - stopped
2024-09-06 19:13:33 - download-file - started
2024-09-06 19:13:48 - download-file - stopped
2024-09-06 19:14:09 - download-file - started
2024-09-06 19:14:24 - log-factura - stopped
2024-09-06 19:14:45 - log-factura - started
2024-09-06 19:15:00 - consulta-factura - stopped
2024-09-06 19:15:21 - consulta-factura - started
2024-09-06 19:15:36 - download-file - stopped
2024-09-06 19:15:57 - download-file - started
2024-09-06 19:16:12 - realizar-factura - stopped
2024-09-06 19:16:33 - realizar-factura - started
2024-09-06 19:16:48 - download-file - stopped
2024-09-06 19:17:09 - download-file - started
2024-09-06 19:19:10 - download-file - stopped
2024-09-06 19:19:31 - download-file - started
2024-09-06 19:19:46 - consulta-factura - stopped
2024-09-06 19:20:10 - consulta-factura - started
2024-09-06 19:20:26 - realizar-factura - stopped
2024-09-06 19:20:47 - realizar-factura - started
2024-09-06 19:21:02 - download-file - stopped
2024-09-06 19:21:23 - download-file - started
2024-09-06 19:21:38 - consulta-factura - stopped
2024-09-06 19:21:59 - consulta-factura - started
2024-09-06 19:22:15 - log-factura - stopped
2024-09-06 19:22:35 - log-factura - started
2024-09-06 19:22:51 - download-file - stopped
2024-09-06 19:23:12 - download-file - started
2024-09-06 19:23:27 - log-factura - stopped
2024-09-06 19:23:48 - log-factura - started
2024-09-06 19:24:03 - realizar-factura - stopped
2024-09-06 19:24:24 - realizar-factura - started
2024-09-06 19:24:39 - log-factura - stopped
2024-09-06 19:25:00 - log-factura - started
